<?xml version="1.0" encoding="UTF-8"?>
<testsuite xmlns:xsi="http://www.w3.org/2001/XMLSchema-instance" xsi:noNamespaceSchemaLocation="https://maven.apache.org/surefire/maven-surefire-plugin/xsd/surefire-test-report-3.0.xsd" version="3.0" name="SauceDemo Application" time="57.272" tests="3" errors="0" skipped="0" failures="0">
  <properties>
    <property name="sun.desktop" value="windows"/>
    <property name="awt.toolkit" value="sun.awt.windows.WToolkit"/>
    <property name="file.encoding.pkg" value="sun.io"/>
    <property name="java.specification.version" value="1.8"/>
    <property name="webdriver.chrome.driver" value="C:\Users\Home\.cache\selenium\chromedriver\win32\91.0.4472.101\chromedriver.exe"/>
    <property name="sun.cpu.isalist" value="pentium_pro+mmx pentium_pro pentium+mmx pentium i486 i386 i86"/>
    <property name="sun.jnu.encoding" value="Cp1252"/>
    <property name="java.class.path" value="C:\Users\Home\Downloads\selenium-cucumber\selenium-cucumber\target\test-classes;C:\Users\Home\Downloads\selenium-cucumber\selenium-cucumber\target\classes;C:\Users\Home\.m2\repository\io\cucumber\cucumber-java\6.4.0\cucumber-java-6.4.0.jar;C:\Users\Home\.m2\repository\org\apiguardian\apiguardian-api\1.1.0\apiguardian-api-1.1.0.jar;C:\Users\Home\.m2\repository\io\cucumber\cucumber-junit\6.4.0\cucumber-junit-6.4.0.jar;C:\Users\Home\.m2\repository\io\cucumber\cucumber-core\6.4.0\cucumber-core-6.4.0.jar;C:\Users\Home\.m2\repository\io\cucumber\cucumber-gherkin\6.4.0\cucumber-gherkin-6.4.0.jar;C:\Users\Home\.m2\repository\io\cucumber\cucumber-gherkin-messages\6.4.0\cucumber-gherkin-messages-6.4.0.jar;C:\Users\Home\.m2\repository\io\cucumber\messages\12.4.0\messages-12.4.0.jar;C:\Users\Home\.m2\repository\io\cucumber\tag-expressions\3.0.0\tag-expressions-3.0.0.jar;C:\Users\Home\.m2\repository\io\cucumber\cucumber-expressions\10.2.2\cucumber-expressions-10.2.2.jar;C:\Users\Home\.m2\repository\io\cucumber\datatable\3.3.1\datatable-3.3.1.jar;C:\Users\Home\.m2\repository\io\cucumber\cucumber-plugin\6.4.0\cucumber-plugin-6.4.0.jar;C:\Users\Home\.m2\repository\io\cucumber\docstring\6.4.0\docstring-6.4.0.jar;C:\Users\Home\.m2\repository\io\cucumber\html-formatter\7.2.0\html-formatter-7.2.0.jar;C:\Users\Home\.m2\repository\io\cucumber\create-meta\1.1.0\create-meta-1.1.0.jar;C:\Users\Home\.m2\repository\junit\junit\4.13.1\junit-4.13.1.jar;C:\Users\Home\.m2\repository\org\hamcrest\hamcrest-core\1.3\hamcrest-core-1.3.jar;C:\Users\Home\.m2\repository\org\seleniumhq\selenium\selenium-java\3.141.59\selenium-java-3.141.59.jar;C:\Users\Home\.m2\repository\org\seleniumhq\selenium\selenium-api\3.141.59\selenium-api-3.141.59.jar;C:\Users\Home\.m2\repository\org\seleniumhq\selenium\selenium-chrome-driver\3.141.59\selenium-chrome-driver-3.141.59.jar;C:\Users\Home\.m2\repository\org\seleniumhq\selenium\selenium-edge-driver\3.141.59\selenium-edge-driver-3.141.59.jar;C:\Users\Home\.m2\repository\org\seleniumhq\selenium\selenium-firefox-driver\3.141.59\selenium-firefox-driver-3.141.59.jar;C:\Users\Home\.m2\repository\org\seleniumhq\selenium\selenium-ie-driver\3.141.59\selenium-ie-driver-3.141.59.jar;C:\Users\Home\.m2\repository\org\seleniumhq\selenium\selenium-opera-driver\3.141.59\selenium-opera-driver-3.141.59.jar;C:\Users\Home\.m2\repository\org\seleniumhq\selenium\selenium-remote-driver\3.141.59\selenium-remote-driver-3.141.59.jar;C:\Users\Home\.m2\repository\org\seleniumhq\selenium\selenium-safari-driver\3.141.59\selenium-safari-driver-3.141.59.jar;C:\Users\Home\.m2\repository\org\seleniumhq\selenium\selenium-support\3.141.59\selenium-support-3.141.59.jar;C:\Users\Home\.m2\repository\net\bytebuddy\byte-buddy\1.8.15\byte-buddy-1.8.15.jar;C:\Users\Home\.m2\repository\org\apache\commons\commons-exec\1.3\commons-exec-1.3.jar;C:\Users\Home\.m2\repository\com\google\guava\guava\25.0-jre\guava-25.0-jre.jar;C:\Users\Home\.m2\repository\com\google\code\findbugs\jsr305\1.3.9\jsr305-1.3.9.jar;C:\Users\Home\.m2\repository\org\checkerframework\checker-compat-qual\2.0.0\checker-compat-qual-2.0.0.jar;C:\Users\Home\.m2\repository\com\google\errorprone\error_prone_annotations\2.1.3\error_prone_annotations-2.1.3.jar;C:\Users\Home\.m2\repository\com\google\j2objc\j2objc-annotations\1.1\j2objc-annotations-1.1.jar;C:\Users\Home\.m2\repository\org\codehaus\mojo\animal-sniffer-annotations\1.14\animal-sniffer-annotations-1.14.jar;C:\Users\Home\.m2\repository\com\squareup\okhttp3\okhttp\3.11.0\okhttp-3.11.0.jar;C:\Users\Home\.m2\repository\com\squareup\okio\okio\1.14.0\okio-1.14.0.jar;C:\Users\Home\.m2\repository\io\github\bonigarcia\webdrivermanager\4.2.2\webdrivermanager-4.2.2.jar;C:\Users\Home\.m2\repository\org\slf4j\slf4j-api\1.7.30\slf4j-api-1.7.30.jar;C:\Users\Home\.m2\repository\commons-io\commons-io\2.8.0\commons-io-2.8.0.jar;C:\Users\Home\.m2\repository\com\google\code\gson\gson\2.8.6\gson-2.8.6.jar;C:\Users\Home\.m2\repository\org\apache\commons\commons-lang3\3.11\commons-lang3-3.11.jar;C:\Users\Home\.m2\repository\org\apache\httpcomponents\client5\httpclient5\5.0.1\httpclient5-5.0.1.jar;C:\Users\Home\.m2\repository\org\apache\httpcomponents\core5\httpcore5\5.0.1\httpcore5-5.0.1.jar;C:\Users\Home\.m2\repository\org\apache\httpcomponents\core5\httpcore5-h2\5.0.1\httpcore5-h2-5.0.1.jar;C:\Users\Home\.m2\repository\commons-codec\commons-codec\1.13\commons-codec-1.13.jar;C:\Users\Home\.m2\repository\org\rauschig\jarchivelib\1.1.0\jarchivelib-1.1.0.jar;C:\Users\Home\.m2\repository\org\apache\commons\commons-compress\1.20\commons-compress-1.20.jar;C:\Users\Home\.m2\repository\org\jsoup\jsoup\1.13.1\jsoup-1.13.1.jar;"/>
    <property name="java.vm.vendor" value="Oracle Corporation"/>
    <property name="sun.arch.data.model" value="32"/>
    <property name="user.variant" value=""/>
    <property name="java.vendor.url" value="http://java.oracle.com/"/>
    <property name="user.timezone" value="Asia/Calcutta"/>
    <property name="java.vm.specification.version" value="1.8"/>
    <property name="os.name" value="Windows 10"/>
    <property name="user.country" value="US"/>
    <property name="sun.java.launcher" value="SUN_STANDARD"/>
    <property name="sun.boot.library.path" value="C:\Program Files\Java\jdk1.8.0_211\jre\bin"/>
    <property name="sun.java.command" value="C:\Users\Home\AppData\Local\Temp\surefire6008801993441170488\surefirebooter5903826376461905581.jar C:\Users\Home\AppData\Local\Temp\surefire6008801993441170488 2021-07-11T11-24-41_517-jvmRun1 surefire6607607337474321587tmp surefire_08831212405148489761tmp"/>
    <property name="surefire.test.class.path" value="C:\Users\Home\Downloads\selenium-cucumber\selenium-cucumber\target\test-classes;C:\Users\Home\Downloads\selenium-cucumber\selenium-cucumber\target\classes;C:\Users\Home\.m2\repository\io\cucumber\cucumber-java\6.4.0\cucumber-java-6.4.0.jar;C:\Users\Home\.m2\repository\org\apiguardian\apiguardian-api\1.1.0\apiguardian-api-1.1.0.jar;C:\Users\Home\.m2\repository\io\cucumber\cucumber-junit\6.4.0\cucumber-junit-6.4.0.jar;C:\Users\Home\.m2\repository\io\cucumber\cucumber-core\6.4.0\cucumber-core-6.4.0.jar;C:\Users\Home\.m2\repository\io\cucumber\cucumber-gherkin\6.4.0\cucumber-gherkin-6.4.0.jar;C:\Users\Home\.m2\repository\io\cucumber\cucumber-gherkin-messages\6.4.0\cucumber-gherkin-messages-6.4.0.jar;C:\Users\Home\.m2\repository\io\cucumber\messages\12.4.0\messages-12.4.0.jar;C:\Users\Home\.m2\repository\io\cucumber\tag-expressions\3.0.0\tag-expressions-3.0.0.jar;C:\Users\Home\.m2\repository\io\cucumber\cucumber-expressions\10.2.2\cucumber-expressions-10.2.2.jar;C:\Users\Home\.m2\repository\io\cucumber\datatable\3.3.1\datatable-3.3.1.jar;C:\Users\Home\.m2\repository\io\cucumber\cucumber-plugin\6.4.0\cucumber-plugin-6.4.0.jar;C:\Users\Home\.m2\repository\io\cucumber\docstring\6.4.0\docstring-6.4.0.jar;C:\Users\Home\.m2\repository\io\cucumber\html-formatter\7.2.0\html-formatter-7.2.0.jar;C:\Users\Home\.m2\repository\io\cucumber\create-meta\1.1.0\create-meta-1.1.0.jar;C:\Users\Home\.m2\repository\junit\junit\4.13.1\junit-4.13.1.jar;C:\Users\Home\.m2\repository\org\hamcrest\hamcrest-core\1.3\hamcrest-core-1.3.jar;C:\Users\Home\.m2\repository\org\seleniumhq\selenium\selenium-java\3.141.59\selenium-java-3.141.59.jar;C:\Users\Home\.m2\repository\org\seleniumhq\selenium\selenium-api\3.141.59\selenium-api-3.141.59.jar;C:\Users\Home\.m2\repository\org\seleniumhq\selenium\selenium-chrome-driver\3.141.59\selenium-chrome-driver-3.141.59.jar;C:\Users\Home\.m2\repository\org\seleniumhq\selenium\selenium-edge-driver\3.141.59\selenium-edge-driver-3.141.59.jar;C:\Users\Home\.m2\repository\org\seleniumhq\selenium\selenium-firefox-driver\3.141.59\selenium-firefox-driver-3.141.59.jar;C:\Users\Home\.m2\repository\org\seleniumhq\selenium\selenium-ie-driver\3.141.59\selenium-ie-driver-3.141.59.jar;C:\Users\Home\.m2\repository\org\seleniumhq\selenium\selenium-opera-driver\3.141.59\selenium-opera-driver-3.141.59.jar;C:\Users\Home\.m2\repository\org\seleniumhq\selenium\selenium-remote-driver\3.141.59\selenium-remote-driver-3.141.59.jar;C:\Users\Home\.m2\repository\org\seleniumhq\selenium\selenium-safari-driver\3.141.59\selenium-safari-driver-3.141.59.jar;C:\Users\Home\.m2\repository\org\seleniumhq\selenium\selenium-support\3.141.59\selenium-support-3.141.59.jar;C:\Users\Home\.m2\repository\net\bytebuddy\byte-buddy\1.8.15\byte-buddy-1.8.15.jar;C:\Users\Home\.m2\repository\org\apache\commons\commons-exec\1.3\commons-exec-1.3.jar;C:\Users\Home\.m2\repository\com\google\guava\guava\25.0-jre\guava-25.0-jre.jar;C:\Users\Home\.m2\repository\com\google\code\findbugs\jsr305\1.3.9\jsr305-1.3.9.jar;C:\Users\Home\.m2\repository\org\checkerframework\checker-compat-qual\2.0.0\checker-compat-qual-2.0.0.jar;C:\Users\Home\.m2\repository\com\google\errorprone\error_prone_annotations\2.1.3\error_prone_annotations-2.1.3.jar;C:\Users\Home\.m2\repository\com\google\j2objc\j2objc-annotations\1.1\j2objc-annotations-1.1.jar;C:\Users\Home\.m2\repository\org\codehaus\mojo\animal-sniffer-annotations\1.14\animal-sniffer-annotations-1.14.jar;C:\Users\Home\.m2\repository\com\squareup\okhttp3\okhttp\3.11.0\okhttp-3.11.0.jar;C:\Users\Home\.m2\repository\com\squareup\okio\okio\1.14.0\okio-1.14.0.jar;C:\Users\Home\.m2\repository\io\github\bonigarcia\webdrivermanager\4.2.2\webdrivermanager-4.2.2.jar;C:\Users\Home\.m2\repository\org\slf4j\slf4j-api\1.7.30\slf4j-api-1.7.30.jar;C:\Users\Home\.m2\repository\commons-io\commons-io\2.8.0\commons-io-2.8.0.jar;C:\Users\Home\.m2\repository\com\google\code\gson\gson\2.8.6\gson-2.8.6.jar;C:\Users\Home\.m2\repository\org\apache\commons\commons-lang3\3.11\commons-lang3-3.11.jar;C:\Users\Home\.m2\repository\org\apache\httpcomponents\client5\httpclient5\5.0.1\httpclient5-5.0.1.jar;C:\Users\Home\.m2\repository\org\apache\httpcomponents\core5\httpcore5\5.0.1\httpcore5-5.0.1.jar;C:\Users\Home\.m2\repository\org\apache\httpcomponents\core5\httpcore5-h2\5.0.1\httpcore5-h2-5.0.1.jar;C:\Users\Home\.m2\repository\commons-codec\commons-codec\1.13\commons-codec-1.13.jar;C:\Users\Home\.m2\repository\org\rauschig\jarchivelib\1.1.0\jarchivelib-1.1.0.jar;C:\Users\Home\.m2\repository\org\apache\commons\commons-compress\1.20\commons-compress-1.20.jar;C:\Users\Home\.m2\repository\org\jsoup\jsoup\1.13.1\jsoup-1.13.1.jar;"/>
    <property name="sun.cpu.endian" value="little"/>
    <property name="user.home" value="C:\Users\Home"/>
    <property name="user.language" value="en"/>
    <property name="java.specification.vendor" value="Oracle Corporation"/>
    <property name="java.home" value="C:\Program Files\Java\jdk1.8.0_211\jre"/>
    <property name="basedir" value="C:\Users\Home\Downloads\selenium-cucumber\selenium-cucumber"/>
    <property name="file.separator" value="\"/>
    <property name="line.separator" value="&#10;"/>
    <property name="java.vm.specification.vendor" value="Oracle Corporation"/>
    <property name="java.specification.name" value="Java Platform API Specification"/>
    <property name="java.awt.graphicsenv" value="sun.awt.Win32GraphicsEnvironment"/>
    <property name="surefire.real.class.path" value="C:\Users\Home\AppData\Local\Temp\surefire6008801993441170488\surefirebooter5903826376461905581.jar"/>
    <property name="sun.boot.class.path" value="C:\Program Files\Java\jdk1.8.0_211\jre\lib\resources.jar;C:\Program Files\Java\jdk1.8.0_211\jre\lib\rt.jar;C:\Program Files\Java\jdk1.8.0_211\jre\lib\sunrsasign.jar;C:\Program Files\Java\jdk1.8.0_211\jre\lib\jsse.jar;C:\Program Files\Java\jdk1.8.0_211\jre\lib\jce.jar;C:\Program Files\Java\jdk1.8.0_211\jre\lib\charsets.jar;C:\Program Files\Java\jdk1.8.0_211\jre\lib\jfr.jar;C:\Program Files\Java\jdk1.8.0_211\jre\classes"/>
    <property name="user.script" value=""/>
    <property name="sun.management.compiler" value="HotSpot Client Compiler"/>
    <property name="java.runtime.version" value="1.8.0_211-b12"/>
    <property name="user.name" value="Home"/>
    <property name="path.separator" value=";"/>
    <property name="os.version" value="10.0"/>
    <property name="java.endorsed.dirs" value="C:\Program Files\Java\jdk1.8.0_211\jre\lib\endorsed"/>
    <property name="java.runtime.name" value="Java(TM) SE Runtime Environment"/>
    <property name="file.encoding" value="Cp1252"/>
    <property name="java.vm.name" value="Java HotSpot(TM) Client VM"/>
    <property name="localRepository" value="C:\Users\Home\.m2\repository"/>
    <property name="java.vendor.url.bug" value="http://bugreport.sun.com/bugreport/"/>
    <property name="java.io.tmpdir" value="C:\Users\Home\AppData\Local\Temp\"/>
    <property name="java.version" value="1.8.0_211"/>
    <property name="user.dir" value="C:\Users\Home\Downloads\selenium-cucumber\selenium-cucumber"/>
    <property name="os.arch" value="x86"/>
    <property name="java.vm.specification.name" value="Java Virtual Machine Specification"/>
    <property name="java.awt.printerjob" value="sun.awt.windows.WPrinterJob"/>
    <property name="sun.os.patch.level" value=""/>
    <property name="java.library.path" value="C:\Program Files\Java\jdk1.8.0_211\jre\bin;C:\WINDOWS\Sun\Java\bin;C:\WINDOWS\system32;C:\WINDOWS;C:/Program Files/Java/jre1.8.0_211/bin/client;C:/Program Files/Java/jre1.8.0_211/bin;C:/Program Files/Java/jre1.8.0_211/lib/i386;C:\Program Files\Common Files\Oracle\Java\javapath;C:\ProgramData\Oracle\Java\javapath;C:\Program Files\Common Files\Microsoft Shared\Windows Live;C:\WINDOWS\system32;C:\WINDOWS;C:\WINDOWS\System32\Wbem;C:\WINDOWS\System32\WindowsPowerShell\v1.0\;C:\Program Files\Common Files\Roxio Shared\10.0\DLLShared\;C:\Program Files\Windows Live\Shared;C:\Program Files\Java\jdk1.8.0_211\bin;C:\Users\Home\AppData\Local\Google\Chrome\Application;C:\test\Dependacies\selenium-java-2.48.2\org\openqa\selenium\chrome;C:\Program Files\Git\cmd;C:\Selenium\apache-maven-3.8.1-bin\apache-maven-3.8.1\bin;C:\Program Files\dotnet\;C:\Program Files\Microsoft SQL Server\120\Tools\Binn\;C:\Program Files\Microsoft SQL Server\Client SDK\ODBC\170\Tools\Binn\;C:\Users\Home\AppData\Local\Microsoft\WindowsApps;C:\Users\Home\.dotnet\tools;C:\Users\Home\Downloads\eclipse-jee-2018-09-win32\eclipse;;."/>
    <property name="java.vm.info" value="mixed mode"/>
    <property name="java.vendor" value="Oracle Corporation"/>
    <property name="java.vm.version" value="25.211-b12"/>
    <property name="java.ext.dirs" value="C:\Program Files\Java\jdk1.8.0_211\jre\lib\ext;C:\WINDOWS\Sun\Java\lib\ext"/>
    <property name="sun.io.unicode.encoding" value="UnicodeLittle"/>
    <property name="java.class.version" value="52.0"/>
  </properties>
  <testcase name="Test to validate Login functionality of -saucedemo.com-" classname="SauceDemo Application" time="37.038">
    <system-out><![CDATA[
@Login
Scenario: Test to validate Login functionality of -saucedemo.com-                     # Features/saucedemo.feature:4
  Given Open chrome and navigate to Login page                                        # com.cucumber.test.SauceTest.open_chrome_and_navigate_to_login_page()
  When Valid username and passed is entered                                           # com.cucumber.test.SauceTest.valid_username_and_passed_is_entered()
  Then User should be logged in successfully and verify url contains "inventory.html" # com.cucumber.test.SauceTest.user_should_be_logged_in_successfully_and_verify_url_contains(java.lang.String)
]]></system-out>
    <system-err><![CDATA[Starting ChromeDriver 91.0.4472.101 (af52a90bf87030dd1523486a1cd3ae25c5d76c9b-refs/branch-heads/4472@{#1462}) on port 4636
Only local connections are allowed.
Please see https://chromedriver.chromium.org/security-considerations for suggestions on keeping ChromeDriver safe.
ChromeDriver was started successfully.
Jul 11, 2021 11:25:17 AM org.openqa.selenium.remote.ProtocolHandshake createSession
INFO: Detected dialect: W3C
]]></system-err>
  </testcase>
  <testcase name="Test to validate Add cart functionality" classname="SauceDemo Application" time="5.433">
    <system-out><![CDATA[
@AddCart
Scenario: Test to validate Add cart functionality                                                        # Features/saucedemo.feature:10
  When select filter "Price (low to high)" Click on "ADD TO CART" button.                                # com.cucumber.test.SauceTest.select_filter_click_on_button(java.lang.String,java.lang.String)
  Then Under "YOUR CART" order should get entered and "ADD TO CART" button should get change to "REMOVE" # com.cucumber.test.SauceTest.under_order_should_get_entered_and_button_should_get_change_to(java.lang.String,java.lang.String,java.lang.String)
]]></system-out>
  </testcase>
  <testcase name="Test to validate Remove cart functionality" classname="SauceDemo Application" time="14.801">
    <system-out><![CDATA[
@RemoveCart
Scenario: Test to validate Remove cart functionality                                                     # Features/saucedemo.feature:15
  When Click on "REMOVE" button.                                                                         # com.cucumber.test.SauceTest.click_on_button(java.lang.String)
  Then Under "YOUR CART" order should get removed and "REMOVE" button should get change to "ADD TO CART" # com.cucumber.test.SauceTest.under_order_should_get_removed_and_button_should_get_change_to(java.lang.String,java.lang.String,java.lang.String)
]]></system-out>
  </testcase>
</testsuite>